\BOOKMARK [0][-]{chapter.1}{Introduction}{}% 1
\BOOKMARK [0][-]{chapter.2}{Objectives}{}% 2
\BOOKMARK [0][-]{chapter.3}{Background}{}% 3
\BOOKMARK [1][-]{section.3.1}{FPGAs}{chapter.3}% 4
\BOOKMARK [2][-]{subsection.3.1.1}{Lookup\040tables}{section.3.1}% 5
\BOOKMARK [2][-]{subsection.3.1.2}{Registers}{section.3.1}% 6
\BOOKMARK [2][-]{subsection.3.1.3}{Logic\040cells}{section.3.1}% 7
\BOOKMARK [2][-]{subsection.3.1.4}{Routing}{section.3.1}% 8
\BOOKMARK [2][-]{subsection.3.1.5}{Pins}{section.3.1}% 9
\BOOKMARK [1][-]{section.3.2}{FPGA\040compilation}{chapter.3}% 10
\BOOKMARK [1][-]{section.3.3}{The\040FPGA\040virtual\040machine}{chapter.3}% 11
\BOOKMARK [1][-]{section.3.4}{FPGA\040emulation}{chapter.3}% 12
\BOOKMARK [1][-]{section.3.5}{Graph\040theory}{chapter.3}% 13
\BOOKMARK [0][-]{chapter.4}{Literature}{}% 14
\BOOKMARK [1][-]{section.4.1}{FPGA\040compilation}{chapter.4}% 15
\BOOKMARK [1][-]{section.4.2}{Subgraph\040isomorphism}{chapter.4}% 16
\BOOKMARK [1][-]{section.4.3}{Subgraph\040homeomorphism}{chapter.4}% 17
\BOOKMARK [0][-]{chapter.5}{Models}{}% 18
\BOOKMARK [0][-]{chapter.6}{Algorithm}{}% 19
\BOOKMARK [1][-]{section.6.1}{Basis}{chapter.6}% 20
\BOOKMARK [1][-]{section.6.2}{How\040to\040choose\040vertex-vertex\040pairs}{chapter.6}% 21
\BOOKMARK [1][-]{section.6.3}{Source\040graph\040vertex\040order}{chapter.6}% 22
\BOOKMARK [1][-]{section.6.4}{Target\040graph\040vertex\040order}{chapter.6}% 23
\BOOKMARK [1][-]{section.6.5}{Path\040iteration}{chapter.6}% 24
\BOOKMARK [1][-]{section.6.6}{Optimisations}{chapter.6}% 25
\BOOKMARK [2][-]{subsection.6.6.1}{Refusing\040long\040paths}{section.6.6}% 26
\BOOKMARK [2][-]{subsection.6.6.2}{Runtime\040Pruning}{section.6.6}% 27
\BOOKMARK [2][-]{subsection.6.6.3}{Contraction}{section.6.6}% 28
\BOOKMARK [1][-]{section.6.7}{Avoiding\040unintended\040current\040flow}{chapter.6}% 29
\BOOKMARK [2][-]{subsection.6.7.1}{Avoiding\040unintended\040current\040flow\040from/to\040paths}{section.6.7}% 30
\BOOKMARK [2][-]{subsection.6.7.2}{Avoiding\040unintended\040current\040flow\040between\040mapped\040vertices}{section.6.7}% 31
\BOOKMARK [0][-]{chapter.7}{Pruning}{}% 32
\BOOKMARK [1][-]{section.7.1}{Domain\040filtering}{chapter.7}% 33
\BOOKMARK [2][-]{subsection.7.1.1}{Labels\040and\040neighbours}{section.7.1}% 34
\BOOKMARK [2][-]{subsection.7.1.2}{Free\040neighbours}{section.7.1}% 35
\BOOKMARK [2][-]{subsection.7.1.3}{Reachability\040of\040matched\040vertices\040\(M-filtering\)}{section.7.1}% 36
\BOOKMARK [2][-]{subsection.7.1.4}{Reachability\040of\040neighbourhood\040\040\(N-filtering\)}{section.7.1}% 37
\BOOKMARK [1][-]{section.7.2}{Pruning\040methods}{chapter.7}% 38
\BOOKMARK [2][-]{subsection.7.2.1}{ZeroDomain\040pruning}{section.7.2}% 39
\BOOKMARK [2][-]{subsection.7.2.2}{AllDifferent\040pruning}{section.7.2}% 40
\BOOKMARK [1][-]{section.7.3}{When\040to\040apply}{chapter.7}% 41
\BOOKMARK [2][-]{subsection.7.3.1}{Runtime\040calculation}{section.7.3}% 42
\BOOKMARK [2][-]{subsection.7.3.2}{Caching\040domains\040-\040incremental\040domain\040calculation}{section.7.3}% 43
\BOOKMARK [2][-]{subsection.7.3.3}{Parallel\040calculation}{section.7.3}% 44
\BOOKMARK [0][-]{chapter.8}{End-to-end\040example}{}% 45
\BOOKMARK [1][-]{section.8.1}{FPGAs}{chapter.8}% 46
\BOOKMARK [1][-]{section.8.2}{Graph\040models}{chapter.8}% 47
\BOOKMARK [1][-]{section.8.3}{Finding\040a\040subgraph\040homeomorphism}{chapter.8}% 48
\BOOKMARK [2][-]{subsection.8.3.1}{Applying\040ordering}{section.8.3}% 49
\BOOKMARK [2][-]{subsection.8.3.2}{Applying\040contraction}{section.8.3}% 50
\BOOKMARK [2][-]{subsection.8.3.3}{Running\040algorithm}{section.8.3}% 51
\BOOKMARK [1][-]{section.8.4}{Obtaining\040emulation\040mapping}{chapter.8}% 52
\BOOKMARK [0][-]{chapter.9}{Business\040case:\040Lattice\040ECP5}{}% 53
\BOOKMARK [0][-]{chapter.10}{Experiments}{}% 54
\BOOKMARK [0][-]{chapter.11}{Discussion}{}% 55
\BOOKMARK [1][-]{section.11.1}{Algorithm}{chapter.11}% 56
\BOOKMARK [1][-]{section.11.2}{Representativeness\040of\040test\040cases}{chapter.11}% 57
\BOOKMARK [1][-]{section.11.3}{Scalability}{chapter.11}% 58
\BOOKMARK [1][-]{section.11.4}{Disadvantages}{chapter.11}% 59
\BOOKMARK [0][-]{chapter.12}{Conclusion}{}% 60
\BOOKMARK [0][-]{chapter.13}{Future\040Research}{}% 61
\BOOKMARK [0][-]{section*.53}{Appendices}{}% 62
\BOOKMARK [1][-]{section.a..1}{History\040of\040subgraph\040isomorphism\040algorithms}{section*.53}% 63
\BOOKMARK [1][-]{section.a..2}{Examples\040of\040path\040iterators}{section*.53}% 64
\BOOKMARK [1][-]{section.a..3}{Proof:\040contraction\040preserves\040subgraph\040homeomorphism}{section*.53}% 65
